{"/home/heizo/project_lvl2/src/index.js": {"path":"/home/heizo/project_lvl2/src/index.js","statementMap":{"0":{"start":{"line":5,"column":16},"end":{"line":7,"column":1}},"1":{"start":{"line":9,"column":16},"end":{"line":9,"column":82}},"2":{"start":{"line":9,"column":30},"end":{"line":9,"column":82}},"3":{"start":{"line":11,"column":23},"end":{"line":15,"column":1}},"4":{"start":{"line":12,"column":21},"end":{"line":12,"column":34}},"5":{"start":{"line":13,"column":23},"end":{"line":13,"column":57}},"6":{"start":{"line":14,"column":2},"end":{"line":14,"column":48}},"7":{"start":{"line":17,"column":18},"end":{"line":21,"column":1}},"8":{"start":{"line":18,"column":22},"end":{"line":18,"column":39}},"9":{"start":{"line":19,"column":25},"end":{"line":19,"column":49}},"10":{"start":{"line":20,"column":2},"end":{"line":20,"column":46}},"11":{"start":{"line":24,"column":21},"end":{"line":24,"column":41}},"12":{"start":{"line":25,"column":20},"end":{"line":25,"column":40}},"13":{"start":{"line":26,"column":20},"end":{"line":26,"column":76}},"14":{"start":{"line":27,"column":19},"end":{"line":42,"column":8}},"15":{"start":{"line":28,"column":4},"end":{"line":37,"column":5}},"16":{"start":{"line":29,"column":6},"end":{"line":31,"column":7}},"17":{"start":{"line":30,"column":8},"end":{"line":30,"column":54}},"18":{"start":{"line":32,"column":6},"end":{"line":36,"column":8}},"19":{"start":{"line":38,"column":4},"end":{"line":40,"column":5}},"20":{"start":{"line":39,"column":6},"end":{"line":39,"column":53}},"21":{"start":{"line":41,"column":4},"end":{"line":41,"column":50}},"22":{"start":{"line":43,"column":2},"end":{"line":43,"column":40}}},"fnMap":{"0":{"name":"(anonymous_0)","decl":{"start":{"line":9,"column":16},"end":{"line":9,"column":17}},"loc":{"start":{"line":9,"column":30},"end":{"line":9,"column":82}},"line":9},"1":{"name":"(anonymous_1)","decl":{"start":{"line":11,"column":23},"end":{"line":11,"column":24}},"loc":{"start":{"line":11,"column":37},"end":{"line":15,"column":1}},"line":11},"2":{"name":"(anonymous_2)","decl":{"start":{"line":17,"column":18},"end":{"line":17,"column":19}},"loc":{"start":{"line":17,"column":32},"end":{"line":21,"column":1}},"line":17},"3":{"name":"(anonymous_3)","decl":{"start":{"line":23,"column":15},"end":{"line":23,"column":16}},"loc":{"start":{"line":23,"column":41},"end":{"line":44,"column":1}},"line":23},"4":{"name":"(anonymous_4)","decl":{"start":{"line":27,"column":36},"end":{"line":27,"column":37}},"loc":{"start":{"line":27,"column":49},"end":{"line":42,"column":3}},"line":27}},"branchMap":{"0":{"loc":{"start":{"line":28,"column":4},"end":{"line":37,"column":5}},"type":"if","locations":[{"start":{"line":28,"column":4},"end":{"line":37,"column":5}},{"start":{"line":28,"column":4},"end":{"line":37,"column":5}}],"line":28},"1":{"loc":{"start":{"line":28,"column":8},"end":{"line":28,"column":53}},"type":"binary-expr","locations":[{"start":{"line":28,"column":8},"end":{"line":28,"column":29}},{"start":{"line":28,"column":33},"end":{"line":28,"column":53}}],"line":28},"2":{"loc":{"start":{"line":29,"column":6},"end":{"line":31,"column":7}},"type":"if","locations":[{"start":{"line":29,"column":6},"end":{"line":31,"column":7}},{"start":{"line":29,"column":6},"end":{"line":31,"column":7}}],"line":29},"3":{"loc":{"start":{"line":38,"column":4},"end":{"line":40,"column":5}},"type":"if","locations":[{"start":{"line":38,"column":4},"end":{"line":40,"column":5}},{"start":{"line":38,"column":4},"end":{"line":40,"column":5}}],"line":38},"4":{"loc":{"start":{"line":38,"column":8},"end":{"line":38,"column":54}},"type":"binary-expr","locations":[{"start":{"line":38,"column":8},"end":{"line":38,"column":29}},{"start":{"line":38,"column":33},"end":{"line":38,"column":54}}],"line":38}},"s":{"0":1,"1":1,"2":2,"3":1,"4":2,"5":2,"6":2,"7":1,"8":2,"9":2,"10":2,"11":1,"12":1,"13":1,"14":1,"15":5,"16":2,"17":1,"18":1,"19":3,"20":2,"21":1,"22":1},"f":{"0":2,"1":2,"2":2,"3":1,"4":5},"b":{"0":[2,3],"1":[5,4],"2":[1,1],"3":[2,1],"4":[3,2]},"_coverageSchema":"43e27e138ebf9cfc5966b082cf9a028302ed4184","hash":"7f65575c9fb00a51d01aad19d41e3ef8824132ef"}
}
