TN:
SF:/home/heizo/project_lvl2/src/index.js
FN:9,(anonymous_0)
FN:11,(anonymous_1)
FN:17,(anonymous_2)
FN:23,(anonymous_3)
FN:27,(anonymous_4)
FNF:5
FNH:5
FNDA:2,(anonymous_0)
FNDA:2,(anonymous_1)
FNDA:2,(anonymous_2)
FNDA:1,(anonymous_3)
FNDA:5,(anonymous_4)
DA:5,1
DA:9,2
DA:11,1
DA:12,2
DA:13,2
DA:14,2
DA:17,1
DA:18,2
DA:19,2
DA:20,2
DA:24,1
DA:25,1
DA:26,1
DA:27,1
DA:28,5
DA:29,2
DA:30,1
DA:32,1
DA:38,3
DA:39,2
DA:41,1
DA:43,1
LF:22
LH:22
BRDA:28,0,0,2
BRDA:28,0,1,3
BRDA:28,1,0,5
BRDA:28,1,1,4
BRDA:29,2,0,1
BRDA:29,2,1,1
BRDA:38,3,0,2
BRDA:38,3,1,1
BRDA:38,4,0,3
BRDA:38,4,1,2
BRF:10
BRH:10
end_of_record
